<?xml version="1.0" encoding="UTF-8"?>
<!-- Generated by org.testng.reporters.JUnitReportReporter -->
<testsuite hostname="LAPTOP-GJCB745R" failures="0" tests="1" name="test.ShareKhanLoginPageTest" time="25.773" errors="0" timestamp="2022-06-23T17:04:16 IST" skipped="0">
  <testcase classname="test.ShareKhanLoginPageTest" name="loginTest" time="25.773"/>
  <system-out/>
</testsuite> <!-- test.ShareKhanLoginPageTest -->
